MoscowGO/Library/Bee/Android/Prj/Mono2x/Gradle/unityLibrary/build/intermediates/manifest_merge_blame_file/release/manifest-merger-blame-release-report.txt
1<?xml version="1.0" encoding="utf-8"?>
2<manifest xmlns:android="http://schemas.android.com/apk/res/android"
3    xmlns:tools="http://schemas.android.com/tools"
4    package="com.unity3d.player"
5    android:versionCode="1"
6    android:versionName="1.0.2" >
7
8    <uses-sdk
9        android:minSdkVersion="24"
9-->src\main\AndroidManifest.xml
10        android:targetSdkVersion="30" />
10-->src\main\AndroidManifest.xml
11
12    <uses-feature android:glEsVersion="0x00030000" />
12-->src\main\AndroidManifest.xml:26:3-52
12-->src\main\AndroidManifest.xml:26:17-49
13    <uses-feature
13-->src\main\AndroidManifest.xml:27:3-91
14        android:name="android.hardware.vulkan.version"
14-->src\main\AndroidManifest.xml:27:17-63
15        android:required="false" />
15-->src\main\AndroidManifest.xml:27:64-88
16
17    <uses-permission android:name="android.permission.INTERNET" />
17-->src\main\AndroidManifest.xml:28:3-65
17-->src\main\AndroidManifest.xml:28:20-62
18    <uses-permission android:name="android.permission.ACCESS_FINE_LOCATION" />
18-->src\main\AndroidManifest.xml:29:3-77
18-->src\main\AndroidManifest.xml:29:20-74
19
20    <uses-feature
20-->src\main\AndroidManifest.xml:30:3-89
21        android:name="android.hardware.location.gps"
21-->src\main\AndroidManifest.xml:30:17-61
22        android:required="false" />
22-->src\main\AndroidManifest.xml:30:62-86
23    <uses-feature
23-->src\main\AndroidManifest.xml:31:3-85
24        android:name="android.hardware.location"
24-->src\main\AndroidManifest.xml:31:17-57
25        android:required="false" />
25-->src\main\AndroidManifest.xml:31:58-82
26    <uses-feature
26-->src\main\AndroidManifest.xml:32:3-88
27        android:name="android.hardware.touchscreen"
27-->src\main\AndroidManifest.xml:32:17-60
28        android:required="false" />
28-->src\main\AndroidManifest.xml:32:61-85
29    <uses-feature
29-->src\main\AndroidManifest.xml:33:3-99
30        android:name="android.hardware.touchscreen.multitouch"
30-->src\main\AndroidManifest.xml:33:17-71
31        android:required="false" />
31-->src\main\AndroidManifest.xml:33:72-96
32    <uses-feature
32-->src\main\AndroidManifest.xml:34:3-108
33        android:name="android.hardware.touchscreen.multitouch.distinct"
33-->src\main\AndroidManifest.xml:34:17-80
34        android:required="false" />
34-->src\main\AndroidManifest.xml:34:81-105
35
36    <uses-permission android:name="android.permission.POST_NOTIFICATIONS" />
36-->src\main\AndroidManifest.xml:35:3-75
36-->src\main\AndroidManifest.xml:35:20-72
37
38    <application android:extractNativeLibs="true" >
38-->src\main\AndroidManifest.xml:3:3-25:17
38-->src\main\AndroidManifest.xml:3:16-48
39        <activity
39-->src\main\AndroidManifest.xml:4:5-11:16
40            android:name="com.unity3d.player.UnityPlayerActivity"
40-->src\main\AndroidManifest.xml:4:15-68
41            android:configChanges="mcc|mnc|locale|touchscreen|keyboard|keyboardHidden|navigation|orientation|screenLayout|uiMode|screenSize|smallestScreenSize|fontScale|layoutDirection|density"
41-->src\main\AndroidManifest.xml:4:180-361
42            android:hardwareAccelerated="false"
42-->src\main\AndroidManifest.xml:4:397-432
43            android:launchMode="singleTask"
43-->src\main\AndroidManifest.xml:4:148-179
44            android:resizeableActivity="false"
44-->src\main\AndroidManifest.xml:4:362-396
45            android:screenOrientation="portrait"
45-->src\main\AndroidManifest.xml:4:111-147
46            android:theme="@style/UnityThemeSelector" >
46-->src\main\AndroidManifest.xml:4:69-110
47            <intent-filter>
47-->src\main\AndroidManifest.xml:5:7-8:23
48                <action android:name="android.intent.action.MAIN" />
48-->src\main\AndroidManifest.xml:6:9-61
48-->src\main\AndroidManifest.xml:6:17-58
49
50                <category android:name="android.intent.category.LAUNCHER" />
50-->src\main\AndroidManifest.xml:7:9-69
50-->src\main\AndroidManifest.xml:7:19-66
51            </intent-filter>
52
53            <meta-data
53-->src\main\AndroidManifest.xml:9:7-82
54                android:name="unityplayer.UnityActivity"
54-->src\main\AndroidManifest.xml:9:18-58
55                android:value="true" />
55-->src\main\AndroidManifest.xml:9:59-79
56            <meta-data
56-->src\main\AndroidManifest.xml:10:7-78
57                android:name="android.notch_support"
57-->src\main\AndroidManifest.xml:10:18-54
58                android:value="true" />
58-->src\main\AndroidManifest.xml:10:55-75
59        </activity>
60
61        <meta-data
61-->src\main\AndroidManifest.xml:12:5-69
62            android:name="unity.splash-mode"
62-->src\main\AndroidManifest.xml:12:16-48
63            android:value="0" />
63-->src\main\AndroidManifest.xml:12:49-66
64        <meta-data
64-->src\main\AndroidManifest.xml:13:5-74
65            android:name="unity.splash-enable"
65-->src\main\AndroidManifest.xml:13:16-50
66            android:value="True" />
66-->src\main\AndroidManifest.xml:13:51-71
67        <meta-data
67-->src\main\AndroidManifest.xml:14:5-78
68            android:name="unity.launch-fullscreen"
68-->src\main\AndroidManifest.xml:14:16-54
69            android:value="True" />
69-->src\main\AndroidManifest.xml:14:55-75
70        <meta-data
70-->src\main\AndroidManifest.xml:15:5-84
71            android:name="unity.allow-resizable-window"
71-->src\main\AndroidManifest.xml:15:16-59
72            android:value="False" />
72-->src\main\AndroidManifest.xml:15:60-81
73        <meta-data
73-->src\main\AndroidManifest.xml:16:5-81
74            android:name="notch.config"
74-->src\main\AndroidManifest.xml:16:16-43
75            android:value="portrait|landscape" />
75-->src\main\AndroidManifest.xml:16:44-78
76        <meta-data
76-->src\main\AndroidManifest.xml:17:5-84
77            android:name="unity.auto-report-fully-drawn"
77-->src\main\AndroidManifest.xml:17:16-60
78            android:value="true" />
78-->src\main\AndroidManifest.xml:17:61-81
79
80        <receiver
80-->src\main\AndroidManifest.xml:18:5-113
81            android:name="com.unity.androidnotifications.UnityNotificationManager"
81-->src\main\AndroidManifest.xml:18:15-85
82            android:exported="false" />
82-->src\main\AndroidManifest.xml:18:86-110
83        <receiver
83-->src\main\AndroidManifest.xml:19:5-23:16
84            android:name="com.unity.androidnotifications.UnityNotificationRestartOnBootReceiver"
84-->src\main\AndroidManifest.xml:19:15-99
85            android:enabled="false"
85-->src\main\AndroidManifest.xml:19:100-123
86            android:exported="false" >
86-->src\main\AndroidManifest.xml:19:124-148
87            <intent-filter>
87-->src\main\AndroidManifest.xml:20:7-22:23
88                <action android:name="android.intent.action.BOOT_COMPLETED" />
88-->src\main\AndroidManifest.xml:21:9-71
88-->src\main\AndroidManifest.xml:21:17-68
89            </intent-filter>
90        </receiver>
91
92        <meta-data
92-->src\main\AndroidManifest.xml:24:5-99
93            android:name="com.unity.androidnotifications.exact_scheduling"
93-->src\main\AndroidManifest.xml:24:16-78
94            android:value="0" />
94-->src\main\AndroidManifest.xml:24:79-96
95    </application>
96
97</manifest>